<?xml version="1.0" encoding="UTF-8"?>
<!-- Generated by org.testng.reporters.JUnitXMLReporter -->
<testsuite hostname="THIYAGAM4" ignored="0" name="Default test" tests="7" failures="0" timestamp="09 Mar 2017 13:46:50 GMT" time="6.04" errors="0">
  <testcase name="getAE" time="2.455" classname="com.org.iot.test.smoke.SmokeTest"/>
  <testcase name="createGroup" time="1.014" classname="com.org.iot.test.smoke.SmokeTest"/>
  <testcase name="createContainer" time="1.063" classname="com.org.iot.test.smoke.SmokeTest"/>
  <testcase name="getContainerData" time="0.265" classname="com.org.iot.test.smoke.SmokeTest"/>
  <testcase name="createSubscriptionGroup" time="0.663" classname="com.org.iot.test.smoke.SmokeTest"/>
  <testcase name="createSubscriptionAE" time="0.282" classname="com.org.iot.test.smoke.SmokeTest"/>
  <testcase name="createSubscriptionCNT" time="0.25" classname="com.org.iot.test.smoke.SmokeTest"/>
</testsuite> <!-- Default test -->
