<?xml version="1.0" encoding="UTF-8"?>
<!-- Generated by org.testng.reporters.JUnitXMLReporter -->
<testsuite hostname="THIYAGAM4" ignored="0" name="Default test" tests="9" failures="0" timestamp="10 Mar 2017 14:15:14 GMT" time="5.344" errors="0">
  <testcase name="getAE" time="1.654" classname="com.org.iot.test.smoke.SmokeTest"/>
  <testcase name="createGroup" time="0.896" classname="com.org.iot.test.smoke.SmokeTest"/>
  <testcase name="createContainer" time="0.187" classname="com.org.iot.test.smoke.SmokeTest"/>
  <testcase name="getContainerData" time="0.156" classname="com.org.iot.test.smoke.SmokeTest"/>
  <testcase name="createSubscriptionGroup" time="0.672" classname="com.org.iot.test.smoke.SmokeTest"/>
  <testcase name="createSubscriptionAE" time="0.265" classname="com.org.iot.test.smoke.SmokeTest"/>
  <testcase name="createSubscriptionCNT" time="0.234" classname="com.org.iot.test.smoke.SmokeTest"/>
  <testcase name="updateAE" time="0.984" classname="com.org.iot.test.smoke.SmokeTest"/>
  <testcase name="updateCNT" time="0.25" classname="com.org.iot.test.smoke.SmokeTest"/>
</testsuite> <!-- Default test -->
